<?xml version="1.0" encoding="UTF-8"?>
<!-- Generated by org.testng.reporters.JUnitXMLReporter -->
<testsuite ignored="0" hostname="Mirz_Jobz" failures="2" tests="2" name="Test" time="16.89" errors="0" timestamp="2024-10-05T16:58:48 IST">
  <testcase classname="test.SauceDemoLoginTest" name="loginTest" time="10.029">
    <failure type="java.lang.AssertionError" message="expected [Products] but found [PRODUCTS]">
      <![CDATA[java.lang.AssertionError: expected [Products] but found [PRODUCTS]
at test.SauceDemoLoginTest.loginTest(SauceDemoLoginTest.java:33)
at java.base/java.util.ArrayList.forEach(ArrayList.java:1511)
... Removed 31 stack frames]]>
    </failure>
  </testcase> <!-- loginTest -->
  <testcase classname="test.SauceDemoLoginTest" name="loginTest" time="3.684">
    <failure type="java.lang.AssertionError" message="expected [Products] but found [PRODUCTS]">
      <![CDATA[java.lang.AssertionError: expected [Products] but found [PRODUCTS]
at test.SauceDemoLoginTest.loginTest(SauceDemoLoginTest.java:33)
at java.base/java.util.ArrayList.forEach(ArrayList.java:1511)
... Removed 31 stack frames]]>
    </failure>
  </testcase> <!-- loginTest -->
</testsuite> <!-- Test -->
